<?xml version="1.0" encoding="UTF-8"?>
<testsuite name="com.cg.TestTransactions" tests="1" skipped="0" failures="0" errors="0" timestamp="2022-05-09T20:20:58" hostname="MANIKA18" time="0.007">
  <properties/>
  <testcase name="testBuyProperty()" classname="com.cg.TestTransactions" time="0.007"/>
  <system-out><![CDATA[2022-05-10 01:50:58.541  INFO 16164 --- [    Test worker] .b.t.c.SpringBootTestContextBootstrapper : Neither @ContextConfiguration nor @ContextHierarchy found for test class [com.cg.TestTransactions], using SpringBootContextLoader
2022-05-10 01:50:58.541  INFO 16164 --- [    Test worker] o.s.t.c.support.AbstractContextLoader    : Could not detect default resource locations for test class [com.cg.TestTransactions]: no resource found for suffixes {-context.xml, Context.groovy}.
2022-05-10 01:50:58.541  INFO 16164 --- [    Test worker] t.c.s.AnnotationConfigContextLoaderUtils : Could not detect default configuration classes for test class [com.cg.TestTransactions]: TestTransactions does not declare any static, non-private, non-final, nested classes annotated with @Configuration.
2022-05-10 01:50:58.541  INFO 16164 --- [    Test worker] .b.t.c.SpringBootTestContextBootstrapper : Found @SpringBootConfiguration com.cg.PmsApplication for test class com.cg.TestTransactions
2022-05-10 01:50:58.541  INFO 16164 --- [    Test worker] .b.t.c.SpringBootTestContextBootstrapper : Loaded default TestExecutionListener class names from location [META-INF/spring.factories]: [org.springframework.boot.test.autoconfigure.restdocs.RestDocsTestExecutionListener, org.springframework.boot.test.autoconfigure.web.client.MockRestServiceServerResetTestExecutionListener, org.springframework.boot.test.autoconfigure.web.servlet.MockMvcPrintOnlyOnFailureTestExecutionListener, org.springframework.boot.test.autoconfigure.web.servlet.WebDriverTestExecutionListener, org.springframework.boot.test.autoconfigure.webservices.client.MockWebServiceServerTestExecutionListener, org.springframework.boot.test.mock.mockito.MockitoTestExecutionListener, org.springframework.boot.test.mock.mockito.ResetMocksTestExecutionListener, org.springframework.test.context.web.ServletTestExecutionListener, org.springframework.test.context.support.DirtiesContextBeforeModesTestExecutionListener, org.springframework.test.context.event.ApplicationEventsTestExecutionListener, org.springframework.test.context.support.DependencyInjectionTestExecutionListener, org.springframework.test.context.support.DirtiesContextTestExecutionListener, org.springframework.test.context.transaction.TransactionalTestExecutionListener, org.springframework.test.context.jdbc.SqlScriptsTestExecutionListener, org.springframework.test.context.event.EventPublishingTestExecutionListener]
2022-05-10 01:50:58.546  INFO 16164 --- [    Test worker] .b.t.c.SpringBootTestContextBootstrapper : Using TestExecutionListeners: [org.springframework.test.context.web.ServletTestExecutionListener@65dafe50, org.springframework.test.context.support.DirtiesContextBeforeModesTestExecutionListener@29b2a94c, org.springframework.test.context.event.ApplicationEventsTestExecutionListener@108d59b6, org.springframework.boot.test.mock.mockito.MockitoTestExecutionListener@38d9c9c4, org.springframework.boot.test.autoconfigure.SpringBootDependencyInjectionTestExecutionListener@a4388f1, org.springframework.test.context.support.DirtiesContextTestExecutionListener@3687b83c, org.springframework.test.context.transaction.TransactionalTestExecutionListener@4cbd17b3, org.springframework.test.context.jdbc.SqlScriptsTestExecutionListener@3a5c6009, org.springframework.test.context.event.EventPublishingTestExecutionListener@2c4e63b3, org.springframework.boot.test.autoconfigure.restdocs.RestDocsTestExecutionListener@2703785e, org.springframework.boot.test.autoconfigure.web.client.MockRestServiceServerResetTestExecutionListener@3a7f382, org.springframework.boot.test.autoconfigure.web.servlet.MockMvcPrintOnlyOnFailureTestExecutionListener@5a2297d7, org.springframework.boot.test.autoconfigure.web.servlet.WebDriverTestExecutionListener@52e34db, org.springframework.boot.test.autoconfigure.webservices.client.MockWebServiceServerTestExecutionListener@39d37da8, org.springframework.boot.test.mock.mockito.ResetMocksTestExecutionListener@554a2f3]
Property [propertyId=1, type=null, socialInfrastructure=null, constructionQuality=null, propertyName=property1, address=null, sellOrRent=null, price=0.0, area=0, owner=null]
]]></system-out>
  <system-err><![CDATA[]]></system-err>
</testsuite>
