<?xml version="1.0" encoding="UTF-8"?>
<testsuite name="com.cg.PmsApplicationTests" tests="1" skipped="0" failures="0" errors="0" timestamp="2022-05-09T20:20:46" hostname="MANIKA18" time="0.098">
  <properties/>
  <testcase name="contextLoads()" classname="com.cg.PmsApplicationTests" time="0.098"/>
  <system-out><![CDATA[01:50:25.961 [Test worker] DEBUG org.springframework.test.context.BootstrapUtils - Instantiating CacheAwareContextLoaderDelegate from class [org.springframework.test.context.cache.DefaultCacheAwareContextLoaderDelegate]
01:50:25.979 [Test worker] DEBUG org.springframework.test.context.BootstrapUtils - Instantiating BootstrapContext using constructor [public org.springframework.test.context.support.DefaultBootstrapContext(java.lang.Class,org.springframework.test.context.CacheAwareContextLoaderDelegate)]
01:50:26.021 [Test worker] DEBUG org.springframework.test.context.BootstrapUtils - Instantiating TestContextBootstrapper for test class [com.cg.PmsApplicationTests] from class [org.springframework.boot.test.context.SpringBootTestContextBootstrapper]
01:50:26.040 [Test worker] INFO org.springframework.boot.test.context.SpringBootTestContextBootstrapper - Neither @ContextConfiguration nor @ContextHierarchy found for test class [com.cg.PmsApplicationTests], using SpringBootContextLoader
01:50:26.047 [Test worker] DEBUG org.springframework.test.context.support.AbstractContextLoader - Did not detect default resource location for test class [com.cg.PmsApplicationTests]: class path resource [com/cg/PmsApplicationTests-context.xml] does not exist
01:50:26.047 [Test worker] DEBUG org.springframework.test.context.support.AbstractContextLoader - Did not detect default resource location for test class [com.cg.PmsApplicationTests]: class path resource [com/cg/PmsApplicationTestsContext.groovy] does not exist
01:50:26.048 [Test worker] INFO org.springframework.test.context.support.AbstractContextLoader - Could not detect default resource locations for test class [com.cg.PmsApplicationTests]: no resource found for suffixes {-context.xml, Context.groovy}.
01:50:26.050 [Test worker] INFO org.springframework.test.context.support.AnnotationConfigContextLoaderUtils - Could not detect default configuration classes for test class [com.cg.PmsApplicationTests]: PmsApplicationTests does not declare any static, non-private, non-final, nested classes annotated with @Configuration.
01:50:26.104 [Test worker] DEBUG org.springframework.test.context.support.ActiveProfilesUtils - Could not find an 'annotation declaring class' for annotation type [org.springframework.test.context.ActiveProfiles] and class [com.cg.PmsApplicationTests]
01:50:26.194 [Test worker] DEBUG org.springframework.context.annotation.ClassPathScanningCandidateComponentProvider - Identified candidate component class: file [D:\sts workspace\PMS\build\classes\java\main\com\cg\PmsApplication.class]
01:50:26.199 [Test worker] INFO org.springframework.boot.test.context.SpringBootTestContextBootstrapper - Found @SpringBootConfiguration com.cg.PmsApplication for test class com.cg.PmsApplicationTests
01:50:26.326 [Test worker] DEBUG org.springframework.boot.test.context.SpringBootTestContextBootstrapper - @TestExecutionListeners is not present for class [com.cg.PmsApplicationTests]: using defaults.
01:50:26.327 [Test worker] INFO org.springframework.boot.test.context.SpringBootTestContextBootstrapper - Loaded default TestExecutionListener class names from location [META-INF/spring.factories]: [org.springframework.boot.test.autoconfigure.restdocs.RestDocsTestExecutionListener, org.springframework.boot.test.autoconfigure.web.client.MockRestServiceServerResetTestExecutionListener, org.springframework.boot.test.autoconfigure.web.servlet.MockMvcPrintOnlyOnFailureTestExecutionListener, org.springframework.boot.test.autoconfigure.web.servlet.WebDriverTestExecutionListener, org.springframework.boot.test.autoconfigure.webservices.client.MockWebServiceServerTestExecutionListener, org.springframework.boot.test.mock.mockito.MockitoTestExecutionListener, org.springframework.boot.test.mock.mockito.ResetMocksTestExecutionListener, org.springframework.test.context.web.ServletTestExecutionListener, org.springframework.test.context.support.DirtiesContextBeforeModesTestExecutionListener, org.springframework.test.context.event.ApplicationEventsTestExecutionListener, org.springframework.test.context.support.DependencyInjectionTestExecutionListener, org.springframework.test.context.support.DirtiesContextTestExecutionListener, org.springframework.test.context.transaction.TransactionalTestExecutionListener, org.springframework.test.context.jdbc.SqlScriptsTestExecutionListener, org.springframework.test.context.event.EventPublishingTestExecutionListener]
01:50:26.356 [Test worker] INFO org.springframework.boot.test.context.SpringBootTestContextBootstrapper - Using TestExecutionListeners: [org.springframework.test.context.web.ServletTestExecutionListener@29ca3d04, org.springframework.test.context.support.DirtiesContextBeforeModesTestExecutionListener@b2c5e07, org.springframework.test.context.event.ApplicationEventsTestExecutionListener@5812f68b, org.springframework.boot.test.mock.mockito.MockitoTestExecutionListener@4426bff1, org.springframework.boot.test.autoconfigure.SpringBootDependencyInjectionTestExecutionListener@3c7c886c, org.springframework.test.context.support.DirtiesContextTestExecutionListener@55493582, org.springframework.test.context.transaction.TransactionalTestExecutionListener@1a20270e, org.springframework.test.context.jdbc.SqlScriptsTestExecutionListener@6b88ca8c, org.springframework.test.context.event.EventPublishingTestExecutionListener@336f1079, org.springframework.boot.test.autoconfigure.restdocs.RestDocsTestExecutionListener@2f16c6b3, org.springframework.boot.test.autoconfigure.web.client.MockRestServiceServerResetTestExecutionListener@34158c08, org.springframework.boot.test.autoconfigure.web.servlet.MockMvcPrintOnlyOnFailureTestExecutionListener@19e4fcac, org.springframework.boot.test.autoconfigure.web.servlet.WebDriverTestExecutionListener@52c3cb31, org.springframework.boot.test.autoconfigure.webservices.client.MockWebServiceServerTestExecutionListener@4b79ac84, org.springframework.boot.test.mock.mockito.ResetMocksTestExecutionListener@53941c2f]
01:50:26.361 [Test worker] DEBUG org.springframework.test.context.support.AbstractDirtiesContextTestExecutionListener - Before test class: context [DefaultTestContext@29a0cdb testClass = PmsApplicationTests, testInstance = [null], testMethod = [null], testException = [null], mergedContextConfiguration = [WebMergedContextConfiguration@32a68f4f testClass = PmsApplicationTests, locations = '{}', classes = '{class com.cg.PmsApplication}', contextInitializerClasses = '[]', activeProfiles = '{}', propertySourceLocations = '{}', propertySourceProperties = '{org.springframework.boot.test.context.SpringBootTestContextBootstrapper=true}', contextCustomizers = set[org.springframework.boot.test.autoconfigure.actuate.metrics.MetricsExportContextCustomizerFactory$DisableMetricExportContextCustomizer@402c4085, org.springframework.boot.test.autoconfigure.properties.PropertyMappingContextCustomizer@0, org.springframework.boot.test.autoconfigure.web.servlet.WebDriverContextCustomizerFactory$Customizer@70ed52de, org.springframework.boot.test.context.filter.ExcludeFilterContextCustomizer@7c37508a, org.springframework.boot.test.json.DuplicateJsonObjectContextCustomizerFactory$DuplicateJsonObjectContextCustomizer@303cf2ba, org.springframework.boot.test.mock.mockito.MockitoContextCustomizer@0, org.springframework.boot.test.web.client.TestRestTemplateContextCustomizer@28dcca0c, org.springframework.boot.test.context.SpringBootTestArgs@1, org.springframework.boot.test.context.SpringBootTestWebEnvironment@4e91d63f], resourceBasePath = 'src/main/webapp', contextLoader = 'org.springframework.boot.test.context.SpringBootContextLoader', parent = [null]], attributes = map['org.springframework.test.context.web.ServletTestExecutionListener.activateListener' -> true]], class annotated with @DirtiesContext [false] with mode [null].

  .   ____          _            __ _ _
 /\\ / ___'_ __ _ _(_)_ __  __ _ \ \ \ \
( ( )\___ | '_ | '_| | '_ \/ _` | \ \ \ \
 \\/  ___)| |_)| | | | | || (_| |  ) ) ) )
  '  |____| .__|_| |_|_| |_\__, | / / / /
 =========|_|==============|___/=/_/_/_/
 :: Spring Boot ::                (v2.6.6)

2022-05-10 01:50:26.803  INFO 16164 --- [    Test worker] com.cg.PmsApplicationTests               : Starting PmsApplicationTests using Java 1.8.0_321 on Manika18 with PID 16164 (started by manik in D:\sts workspace\PMS)
2022-05-10 01:50:26.803  INFO 16164 --- [    Test worker] com.cg.PmsApplicationTests               : No active profile set, falling back to 1 default profile: "default"
2022-05-10 01:50:32.642  INFO 16164 --- [    Test worker] .s.d.r.c.RepositoryConfigurationDelegate : Bootstrapping Spring Data JPA repositories in DEFAULT mode.
2022-05-10 01:50:33.137  INFO 16164 --- [    Test worker] .s.d.r.c.RepositoryConfigurationDelegate : Finished Spring Data repository scanning in 461 ms. Found 10 JPA repository interfaces.
2022-05-10 01:50:35.505  INFO 16164 --- [    Test worker] o.hibernate.jpa.internal.util.LogHelper  : HHH000204: Processing PersistenceUnitInfo [name: default]
2022-05-10 01:50:35.621  INFO 16164 --- [    Test worker] org.hibernate.Version                    : HHH000412: Hibernate ORM core version 5.6.7.Final
2022-05-10 01:50:36.029  INFO 16164 --- [    Test worker] o.hibernate.annotations.common.Version   : HCANN000001: Hibernate Commons Annotations {5.1.2.Final}
2022-05-10 01:50:36.380  INFO 16164 --- [    Test worker] com.zaxxer.hikari.HikariDataSource       : HikariPool-1 - Starting...
2022-05-10 01:50:37.628  INFO 16164 --- [    Test worker] com.zaxxer.hikari.HikariDataSource       : HikariPool-1 - Start completed.
2022-05-10 01:50:37.679  INFO 16164 --- [    Test worker] org.hibernate.dialect.Dialect            : HHH000400: Using dialect: org.hibernate.dialect.PostgreSQLDialect
2022-05-10 01:50:38.019  WARN 16164 --- [    Test worker] org.hibernate.cfg.AnnotationBinder       : HHH000457: Joined inheritance hierarchy [com.cg.entities.Person] defined explicit @DiscriminatorColumn.  Legacy Hibernate behavior was to ignore the @DiscriminatorColumn.  However, as part of issue HHH-6911 we now apply the explicit @DiscriminatorColumn.  If you would prefer the legacy behavior, enable the `hibernate.discriminator.ignore_explicit_for_joined` setting (hibernate.discriminator.ignore_explicit_for_joined=true)
2022-05-10 01:50:40.580  INFO 16164 --- [    Test worker] o.h.e.t.j.p.i.JtaPlatformInitiator       : HHH000490: Using JtaPlatform implementation: [org.hibernate.engine.transaction.jta.platform.internal.NoJtaPlatform]
2022-05-10 01:50:40.607  INFO 16164 --- [    Test worker] j.LocalContainerEntityManagerFactoryBean : Initialized JPA EntityManagerFactory for persistence unit 'default'
2022-05-10 01:50:43.351  WARN 16164 --- [    Test worker] JpaBaseConfiguration$JpaWebConfiguration : spring.jpa.open-in-view is enabled by default. Therefore, database queries may be performed during view rendering. Explicitly configure spring.jpa.open-in-view to disable this warning
2022-05-10 01:50:46.095  INFO 16164 --- [    Test worker] o.s.s.web.DefaultSecurityFilterChain     : Will not secure any request
2022-05-10 01:50:46.240  INFO 16164 --- [    Test worker] com.cg.PmsApplicationTests               : Started PmsApplicationTests in 19.831 seconds (JVM running for 21.918)
]]></system-out>
  <system-err><![CDATA[]]></system-err>
</testsuite>
